2019-06-04 17:02:55,019 - device cuda:0, batch size 64, lr 0.001, max epochs 100, early stop 5
2019-06-04 17:02:55,019 - alphabet size 35, max word length 25, max sentence length 35, embedding size 100
2019-06-04 17:02:55,019 - started training
2019-06-04 17:03:41,621 - epoch 0, train loss 0.5725973430633545, test loss 0.5502349341371257, test accuracy 70.46
2019-06-04 17:04:26,459 - epoch 1, train loss 0.5392610639095307, test loss 0.5287936572815962, test accuracy 72.59
2019-06-04 17:05:11,591 - epoch 2, train loss 0.5212573250293732, test loss 0.5207200448983794, test accuracy 73.47
2019-06-04 17:05:56,295 - epoch 3, train loss 0.5095309164524079, test loss 0.5084239925928177, test accuracy 74.15
2019-06-04 17:06:40,991 - epoch 4, train loss 0.5038386792659759, test loss 0.5069276671500722, test accuracy 74.46
2019-06-04 17:07:25,922 - epoch 5, train loss 0.5021007065296174, test loss 0.5008456881638546, test accuracy 74.61
2019-06-04 17:08:10,927 - epoch 6, train loss 0.4943333010673523, test loss 0.48760667519204937, test accuracy 75.88
2019-06-04 17:08:56,092 - epoch 7, train loss 0.48645078964233396, test loss 0.49943145578074605, test accuracy 75.03
2019-06-04 17:09:41,222 - epoch 8, train loss 0.48183809967041014, test loss 0.4992686855565211, test accuracy 75.63
2019-06-04 17:10:26,261 - epoch 9, train loss 0.47802855129241945, test loss 0.48320592360891357, test accuracy 76.38
2019-06-04 17:11:11,457 - epoch 10, train loss 0.4784896399974823, test loss 0.47764942885204487, test accuracy 76.38
2019-06-04 17:11:56,328 - epoch 11, train loss 0.4706282723426819, test loss 0.4813955291441292, test accuracy 76.73
2019-06-04 17:12:41,383 - epoch 12, train loss 0.4729125434398651, test loss 0.49296740988257587, test accuracy 76.43
2019-06-04 17:13:26,403 - epoch 13, train loss 0.4728227185726166, test loss 0.48078654165480544, test accuracy 76.98
2019-06-04 17:14:11,417 - epoch 14, train loss 0.4711990745544434, test loss 0.47003948194965434, test accuracy 77.14
2019-06-04 17:14:56,536 - epoch 15, train loss 0.47008871273994446, test loss 0.4671029797784842, test accuracy 77.45
2019-06-04 17:15:41,586 - epoch 16, train loss 0.4661599808216095, test loss 0.4713411555168735, test accuracy 77.12
2019-06-04 17:16:26,758 - epoch 17, train loss 0.46016638283729555, test loss 0.49906392442952296, test accuracy 76.41
2019-06-04 17:17:13,753 - epoch 18, train loss 0.46172642879486087, test loss 0.47617253983856006, test accuracy 77.02
2019-06-04 17:18:00,590 - epoch 19, train loss 0.4590938087940216, test loss 0.4746613413285298, test accuracy 77.28
2019-06-04 17:18:47,984 - epoch 20, train loss 0.45772117261886597, test loss 0.46804287498164326, test accuracy 77.01
2019-06-04 17:18:47,984 - finished training, best result (saved to checkpoint.pt):
2019-06-04 17:18:47,985 - epoch 15, train loss 0.47008871273994446, test loss 0.4671029797784842, test accuracy 77.45
